00:56:50.539 ERROR - FPGA Configuration failed.Connection to Board Failed


    Could not open plug-in of the type: digilent_plugin. Please check to make sure the correct plug-in for this type is properly installed.
The following targetNames are available:
  xilinx_svffile (libCseSvfFilePlugin)
  xilinx_tcf (libCseTcfPlugin)
  auto (libCseXilCommPlugin)
  xilinx_parallel (libCseXilCommPlugin)
  xilinx_platformusb (libCseXilCommPlugin)
  xilinx_file (libCseXilCommPlugin)
  xilinx_xvc (libCseXvcPlugin)

    Failed to Open JTAG Cable
    Unknown Error
 
00:58:18.165 ERROR - FPGA Configuration failed.Connection to Board Failed


    Could not open plug-in of the type: digilent_plugin. Please check to make sure the correct plug-in for this type is properly installed.
The following targetNames are available:
  xilinx_svffile (libCseSvfFilePlugin)
  xilinx_tcf (libCseTcfPlugin)
  auto (libCseXilCommPlugin)
  xilinx_parallel (libCseXilCommPlugin)
  xilinx_platformusb (libCseXilCommPlugin)
  xilinx_file (libCseXilCommPlugin)
  xilinx_xvc (libCseXvcPlugin)

    Failed to Open JTAG Cable
    Unknown Error
 
00:58:23.990 ERROR - Unexpected error while parsing XMD response ￿: com.google.gson.JsonSyntaxException: com.google.gson.stream.MalformedJsonException: invalid number or unquoted string near  
00:58:57.731 ERROR - FPGA Configuration failed.Connection to Board Failed


    Failed to Open JTAG Cable
    Unknown Error
 
00:59:39.067 ERROR - FPGA Configuration failed.Connection to Board Failed


    Failed to Open JTAG Cable
    Unknown Error
 
01:00:00.016 ERROR - FPGA Configuration failed.Connection to Board Failed


    Failed to Open JTAG Cable
    Unknown Error
 
01:03:47.565 ERROR - FPGA Configuration failed.Connection to Board Failed


    Failed to Open JTAG Cable
    Unknown Error
 
01:03:59.795 ERROR - FPGA Configuration failed.Connection to Board Failed


    Failed to Open JTAG Cable
    Cable target is not connected to the host
 
01:04:18.912 ERROR - FPGA Configuration failed.Connection to Board Failed


    Failed to Open JTAG Cable
    Unknown Error
 
01:10:01.907 ERROR - Unexpected error while parsing XMD response ￿: com.google.gson.JsonSyntaxException: com.google.gson.stream.MalformedJsonException: invalid number or unquoted string near  
01:10:53.494 INFO  - Time out for XMD transaction is 60000
If you want to increase the timeout value, goto Windows-> Preferences -> Xilinx SDK -> XMD Startup 
01:10:53.494 ERROR - Timeout occured while waiting to get reply for command "xfpga  -cable type digilent_plugin -f /home/marko/git/SDAV_lwip_example/SDK/SDK_Export/lwip_example_hw_platform/download.bit -report_progress" 
01:10:53.494 ERROR - FPGA Configuration failed. 
01:12:47.628 INFO  - Time out for XMD transaction is 60000
If you want to increase the timeout value, goto Windows-> Preferences -> Xilinx SDK -> XMD Startup 
01:12:47.628 ERROR - Timeout occured while waiting to get reply for command "xdisconnect -cable" 
01:13:26.697 ERROR - Unexpected error while issuing command {"command": "xdisconnect -cable"} to XMD: java.net.SocketException: Broken pipe 
01:14:05.902 ERROR - FPGA Configuration failed.Connection to Board Failed


    Failed to Open JTAG Cable
    Unknown Error
 
01:14:15.911 ERROR - FPGA Configuration failed.Connection to Board Failed


    Failed to Open JTAG Cable
    Unknown Error
 
01:14:30.828 ERROR - FPGA Configuration failed.Connection to Board Failed


    Failed to Open JTAG Cable
    Unknown Error
 
01:14:48.563 ERROR - FPGA Configuration failed.Connection to Board Failed


    Failed to Open JTAG Cable
    Unknown Error
 
01:17:28.043 ERROR - Unexpected error while parsing XMD response ￿: com.google.gson.JsonSyntaxException: com.google.gson.stream.MalformedJsonException: invalid number or unquoted string near  
01:19:07.603 ERROR - FPGA Configuration failed.Connection to Board Failed


    Failed to Open JTAG Cable
    Unknown Error
 
01:32:06.321 ERROR - FPGA Configuration failed.Connection to Board Failed


    Failed to Open JTAG Cable
    Unknown Error
 
01:32:23.947 ERROR - FPGA Configuration failed.Connection to Board Failed


    Failed to Open JTAG Cable
    Unknown Error
 
01:42:50.886 ERROR - Unexpected error while parsing XMD response ￿: com.google.gson.JsonSyntaxException: com.google.gson.stream.MalformedJsonException: invalid number or unquoted string near  
01:50:42.572 ERROR - FPGA Configuration failed.Connection to Board Failed


    Failed to Open JTAG Cable
    Unknown Error
 
01:50:47.644 ERROR - Unexpected error while parsing XMD response ￿: com.google.gson.JsonSyntaxException: com.google.gson.stream.MalformedJsonException: invalid number or unquoted string near  
01:52:15.755 INFO  - FPGA configured successfully with bitstream "/home/marko/git/SDAV_lwip_example/SDK/SDK_Export/lwip_example_hw_platform/download.bit" 
01:59:40.733 INFO  - FPGA configured successfully with bitstream "/home/marko/git/SDAV_lwip_example/SDK/SDK_Export/lwip_example_hw_platform/download.bit" 
02:02:43.228 ERROR - Unexpected error while launching program. java.lang.RuntimeException: Debug Operation Not Supported on the Target

	at com.xilinx.sdk.targetmanager.internal.TM.downloadDataFile(Unknown Source)
	at com.xilinx.sdk.debug.core.internal.AppRunner.downloadDataFiles(Unknown Source)

02:02:51.801 INFO  - FPGA configured successfully with bitstream "/home/marko/git/SDAV_lwip_example/SDK/SDK_Export/lwip_example_hw_platform/download.bit" 
02:05:53.013 INFO  - FPGA configured successfully with bitstream "/home/marko/git/SDAV_lwip_example/SDK/SDK_Export/lwip_example_hw_platform/download.bit" 
02:07:48.057 INFO  - FPGA configured successfully with bitstream "/home/marko/git/SDAV_lwip_example/SDK/SDK_Export/lwip_example_hw_platform/download.bit" 
02:08:04.917 INFO  - System reset is completed. 
02:08:06.723 ERROR - Unexpected error while launching program. java.lang.RuntimeException: Error creating session
	at com.xilinx.sdk.debug.core.XilinxAppLaunchConfigurationDelegate.debugApplication(Unknown Source)
	at com.xilinx.sdk.debug.core.XilinxAppLaunchConfigurationDelegate.launch(Unknown Source)

02:08:45.463 INFO  - FPGA configured successfully with bitstream "/home/marko/git/SDAV_lwip_example/SDK/SDK_Export/lwip_example_hw_platform/download.bit" 
02:12:46.673 INFO  - FPGA configured successfully with bitstream "/home/marko/git/SDAV_lwip_example/SDK/SDK_Export/lwip_example_hw_platform/download.bit" 
02:14:54.480 INFO  - FPGA configured successfully with bitstream "/home/marko/git/SDAV_lwip_example/SDK/SDK_Export/lwip_example_hw_platform/download.bit" 
02:22:23.075 INFO  - Settings changed on project standalone_bsp_0. Triggering a rebuild... 
02:22:33.859 INFO  - Refreshed build settings on project app2 
02:24:54.310 INFO  - Settings changed on project standalone_bsp_0. Triggering a rebuild... 
02:25:05.557 INFO  - Refreshed build settings on project app2 
02:27:37.612 INFO  - FPGA configured successfully with bitstream "/home/marko/git/SDAV_lwip_example/SDK/SDK_Export/lwip_example_hw_platform/download.bit" 
